0 info it worked if it ends with ok
1 verbose cli [ '/usr/local/bin/node', '/usr/local/bin/npm', 'run', 'dev' ]
2 info using npm@3.3.12
3 info using node@v5.3.0
4 verbose run-script [ 'predev', 'dev', 'postdev' ]
5 info lifecycle huewebapp@0.0.0~predev: huewebapp@0.0.0
6 silly lifecycle huewebapp@0.0.0~predev: no script for predev, continuing
7 info lifecycle huewebapp@0.0.0~dev: huewebapp@0.0.0
8 verbose lifecycle huewebapp@0.0.0~dev: unsafe-perm in lifecycle true
9 verbose lifecycle huewebapp@0.0.0~dev: PATH: /usr/local/lib/node_modules/npm/bin/node-gyp-bin:/Users/christoph/Dropbox/Projekte/HueWebApp/node_modules/.bin:/android-sdk/tools:/opt/local/bin:/opt/local/sbin:/opt/local/bin:/opt/local/sbin:/usr/local/bin:/usr/bin:/bin:/usr/sbin:/sbin:/opt/X11/bin:/android-sdk/tools:/opt/local/bin:/opt/local/sbin:/Users/christoph/.rvm/bin:/Users/christoph/.rvm/bin
10 verbose lifecycle huewebapp@0.0.0~dev: CWD: /Users/christoph/Dropbox/Projekte/HueWebApp
11 silly lifecycle huewebapp@0.0.0~dev: Args: [ '-c', 'lite-server' ]
12 silly lifecycle huewebapp@0.0.0~dev: Returned: code: 126  signal: null
13 info lifecycle huewebapp@0.0.0~dev: Failed to exec dev script
14 verbose stack Error: huewebapp@0.0.0 dev: `lite-server`
14 verbose stack Exit status 126
14 verbose stack     at EventEmitter.<anonymous> (/usr/local/lib/node_modules/npm/lib/utils/lifecycle.js:232:16)
14 verbose stack     at emitTwo (events.js:87:13)
14 verbose stack     at EventEmitter.emit (events.js:172:7)
14 verbose stack     at ChildProcess.<anonymous> (/usr/local/lib/node_modules/npm/lib/utils/spawn.js:24:14)
14 verbose stack     at emitTwo (events.js:87:13)
14 verbose stack     at ChildProcess.emit (events.js:172:7)
14 verbose stack     at maybeClose (internal/child_process.js:818:16)
14 verbose stack     at Process.ChildProcess._handle.onexit (internal/child_process.js:211:5)
15 verbose pkgid huewebapp@0.0.0
16 verbose cwd /Users/christoph/Dropbox/Projekte/HueWebApp
17 error Darwin 17.7.0
18 error argv "/usr/local/bin/node" "/usr/local/bin/npm" "run" "dev"
19 error node v5.3.0
20 error npm  v3.3.12
21 error code ELIFECYCLE
22 error huewebapp@0.0.0 dev: `lite-server`
22 error Exit status 126
23 error Failed at the huewebapp@0.0.0 dev script 'lite-server'.
23 error Make sure you have the latest version of node.js and npm installed.
23 error If you do, this is most likely a problem with the huewebapp package,
23 error not with npm itself.
23 error Tell the author that this fails on your system:
23 error     lite-server
23 error You can get their info via:
23 error     npm owner ls huewebapp
23 error There is likely additional logging output above.
24 verbose exit [ 1, true ]
